[debug] [2023-01-06T20:42:08.031Z] ----------------------------------------------------------------------
[debug] [2023-01-06T20:42:08.032Z] Command:       C:\Program Files\nodejs\node.exe C:\Users\mdsah\AppData\Roaming\npm\node_modules\firebase-tools\lib\bin\firebase.js init
[debug] [2023-01-06T20:42:08.032Z] CLI Version:   11.8.0
[debug] [2023-01-06T20:42:08.033Z] Platform:      win32
[debug] [2023-01-06T20:42:08.033Z] Node Version:  v16.15.1
[debug] [2023-01-06T20:42:08.033Z] Time:          Sat Jan 07 2023 02:42:08 GMT+0600 (Bangladesh Standard Time)
[debug] [2023-01-06T20:42:08.034Z] ----------------------------------------------------------------------
[debug] 
[debug] [2023-01-06T20:42:08.039Z] > command requires scopes: ["email","openid","https://www.googleapis.com/auth/cloudplatformprojects.readonly","https://www.googleapis.com/auth/firebase","https://www.googleapis.com/auth/cloud-platform"]
[debug] [2023-01-06T20:42:08.040Z] > authorizing via signed-in user (mdsaharshitol@gmail.com)
[info] 
     ######## #### ########  ######## ########     ###     ######  ########
     ##        ##  ##     ## ##       ##     ##  ##   ##  ##       ##
     ######    ##  ########  ######   ########  #########  ######  ######
     ##        ##  ##    ##  ##       ##     ## ##     ##       ## ##
     ##       #### ##     ## ######## ########  ##     ##  ######  ########

You're about to initialize a Firebase project in this directory:

  D:\Projects\own\blog-site-redux\client

[info] 
=== Project Setup
[info] 
[info] First, let's associate this project directory with a Firebase project.
[info] You can create multiple project aliases by running firebase use --add, 
[info] but for now we'll just set up a default project.
[info] 
[debug] [2023-01-06T20:42:21.592Z] > refreshing access token with scopes: []
[debug] [2023-01-06T20:42:21.593Z] >>> [apiv2][query] POST https://www.googleapis.com/oauth2/v3/token [none]
[debug] [2023-01-06T20:42:21.594Z] >>> [apiv2][body] POST https://www.googleapis.com/oauth2/v3/token [omitted]
[debug] [2023-01-06T20:42:21.927Z] <<< [apiv2][status] POST https://www.googleapis.com/oauth2/v3/token 200
[debug] [2023-01-06T20:42:21.928Z] <<< [apiv2][body] POST https://www.googleapis.com/oauth2/v3/token [omitted]
[debug] [2023-01-06T20:42:21.938Z] >>> [apiv2][query] GET https://firebase.googleapis.com/v1beta1/projects pageSize=100
[debug] [2023-01-06T20:42:22.808Z] <<< [apiv2][status] GET https://firebase.googleapis.com/v1beta1/projects 200
[debug] [2023-01-06T20:42:22.808Z] <<< [apiv2][body] GET https://firebase.googleapis.com/v1beta1/projects [omitted]
